<?xml version="1.0" encoding="UTF-8"?>
<testsuite name="properties.SystemPropertiesTests" tests="2" skipped="0" failures="0" errors="0" timestamp="2023-02-14T09:53:05" hostname="DESKTOP-BO9395R" time="0.249">
  <properties/>
  <testcase name="simpleProperty4Test()" classname="properties.SystemPropertiesTests" time="0.234"/>
  <testcase name="simpleProperty5Test()" classname="properties.SystemPropertiesTests" time="0.011"/>
  <system-out><![CDATA[firefox
Hello, unknown student
]]></system-out>
  <system-err><![CDATA[]]></system-err>
</testsuite>
